<?xml version="1.0" encoding="UTF-8"?>
<testng-results skipped="0" failed="1" ignored="1" total="3" passed="1">
  <reporter-output>
  </reporter-output>
  <suite name="Default suite" duration-ms="37255" started-at="2019-12-12T01:44:26Z" finished-at="2019-12-12T01:45:03Z">
    <groups>
    </groups>
    <test name="Default test" duration-ms="37255" started-at="2019-12-12T01:44:26Z" finished-at="2019-12-12T01:45:03Z">
      <class name="com.executing.textng.DataProviderForTestNG">
        <test-method status="PASS" signature="launchBrowser()[pri:0, instance:com.executing.textng.DataProviderForTestNG@68be2bc2]" name="launchBrowser" is-config="true" duration-ms="7951" started-at="2019-12-11T19:44:26Z" finished-at="2019-12-11T19:44:34Z">
          <reporter-output>
          </reporter-output>
        </test-method> <!-- launchBrowser -->
        <test-method status="FAIL" signature="testSubmitButtonWithHarDAssertion()[pri:0, instance:com.executing.textng.DataProviderForTestNG@68be2bc2]" name="testSubmitButtonWithHarDAssertion" duration-ms="1475" started-at="2019-12-11T19:44:34Z" description="This test case will check the submit button after the Register link is clicked" finished-at="2019-12-11T19:44:36Z">
          <exception class="java.lang.AssertionError">
            <message>
              <![CDATA[expected [true] but found [false]]]>
            </message>
            <full-stacktrace>
              <![CDATA[java.lang.AssertionError: expected [true] but found [false]
	at org.testng.Assert.fail(Assert.java:93)
	at org.testng.Assert.failNotEquals(Assert.java:512)
	at org.testng.Assert.assertTrue(Assert.java:41)
	at org.testng.Assert.assertTrue(Assert.java:51)
	at com.executing.textng.DataProviderForTestNG.testSubmitButtonWithHarDAssertion(DataProviderForTestNG.java:72)
	at sun.reflect.NativeMethodAccessorImpl.invoke0(Native Method)
	at sun.reflect.NativeMethodAccessorImpl.invoke(Unknown Source)
	at sun.reflect.DelegatingMethodAccessorImpl.invoke(Unknown Source)
	at java.lang.reflect.Method.invoke(Unknown Source)
	at org.testng.internal.MethodInvocationHelper.invokeMethod(MethodInvocationHelper.java:108)
	at org.testng.internal.Invoker.invokeMethod(Invoker.java:661)
	at org.testng.internal.Invoker.invokeTestMethod(Invoker.java:869)
	at org.testng.internal.Invoker.invokeTestMethods(Invoker.java:1193)
	at org.testng.internal.TestMethodWorker.invokeTestMethods(TestMethodWorker.java:126)
	at org.testng.internal.TestMethodWorker.run(TestMethodWorker.java:109)
	at org.testng.TestRunner.privateRun(TestRunner.java:744)
	at org.testng.TestRunner.run(TestRunner.java:602)
	at org.testng.SuiteRunner.runTest(SuiteRunner.java:380)
	at org.testng.SuiteRunner.runSequentially(SuiteRunner.java:375)
	at org.testng.SuiteRunner.privateRun(SuiteRunner.java:340)
	at org.testng.SuiteRunner.run(SuiteRunner.java:289)
	at org.testng.SuiteRunnerWorker.runSuite(SuiteRunnerWorker.java:52)
	at org.testng.SuiteRunnerWorker.run(SuiteRunnerWorker.java:86)
	at org.testng.TestNG.runSuitesSequentially(TestNG.java:1301)
	at org.testng.TestNG.runSuitesLocally(TestNG.java:1226)
	at org.testng.TestNG.runSuites(TestNG.java:1144)
	at org.testng.TestNG.run(TestNG.java:1115)
	at org.testng.remote.AbstractRemoteTestNG.run(AbstractRemoteTestNG.java:132)
	at org.testng.remote.RemoteTestNG.initAndRun(RemoteTestNG.java:230)
	at org.testng.remote.RemoteTestNG.main(RemoteTestNG.java:76)
]]>
            </full-stacktrace>
          </exception> <!-- java.lang.AssertionError -->
          <reporter-output>
          </reporter-output>
        </test-method> <!-- testSubmitButtonWithHarDAssertion -->
        <test-method status="PASS" signature="closeTheBrowser()[pri:0, instance:com.executing.textng.DataProviderForTestNG@68be2bc2]" name="closeTheBrowser" is-config="true" duration-ms="553" started-at="2019-12-11T19:44:36Z" finished-at="2019-12-11T19:44:36Z">
          <reporter-output>
          </reporter-output>
        </test-method> <!-- closeTheBrowser -->
        <test-method status="PASS" signature="launchBrowser()[pri:0, instance:com.executing.textng.DataProviderForTestNG@68be2bc2]" name="launchBrowser" is-config="true" duration-ms="6529" started-at="2019-12-11T19:44:36Z" finished-at="2019-12-11T19:44:43Z">
          <reporter-output>
          </reporter-output>
        </test-method> <!-- launchBrowser -->
        <test-method status="PASS" signature="testSubmitButtonWithSoftAssertion()[pri:0, instance:com.executing.textng.DataProviderForTestNG@68be2bc2]" name="testSubmitButtonWithSoftAssertion" duration-ms="20418" started-at="2019-12-11T19:44:43Z" description="This test case will check the submit button after the Register link is clicked" finished-at="2019-12-11T19:45:03Z">
          <reporter-output>
          </reporter-output>
        </test-method> <!-- testSubmitButtonWithSoftAssertion -->
        <test-method status="PASS" signature="closeTheBrowser()[pri:0, instance:com.executing.textng.DataProviderForTestNG@68be2bc2]" name="closeTheBrowser" is-config="true" duration-ms="274" started-at="2019-12-11T19:45:03Z" finished-at="2019-12-11T19:45:03Z">
          <reporter-output>
          </reporter-output>
        </test-method> <!-- closeTheBrowser -->
      </class> <!-- com.executing.textng.DataProviderForTestNG -->
    </test> <!-- Default test -->
  </suite> <!-- Default suite -->
</testng-results>
